7zip
bat
broot
cliphist
discord
dunst
eza
fastfetch
fd
ffmpeg
ffmpeg4.4
fish
fuzzel
fzf
grimblast
hyprcursor
hypridle
hyprland
hyprlang
hyprlock
hyprpicker
hyprwayland-scanner
ibus
imagemagick
imv
kitty
kvantum
lazygit
luarocks
man-db
materia-gtk-theme
mpv
nerd-fonts
network-manager-applet
npm
ntfs-3g
nvim
ouch
papirus-icon-theme
pnpm
polkit-kde-agent
pwvucontrol
python-pillow
qbittorrent
qt5-graphicaleffects
qt5-multimedia
qt5-quickcontrols
qt5-quickcontrols2
qt5-svg
qt5-webengine
qt5-websockets
ripgrep
rust
sddm
spotify-launcher
starship
steam
swww
tree-sitter-cli
unzip
uwsm
vulkan-radeon
waybar
wf-recorder
wl-clipboard
woff2-font-awesome
xdg-desktop-portal-hyprland
yay
yazi
yt-dlp
zen-browser-bin
zig
zip
zoxide
